\BOOKMARK [0][]{Contents.0}{\376\377\000T\000a\000b\000l\000e\000\040\000o\000f\000\040\000c\000o\000n\000t\000e\000n\000t\000s}{}% 1
\BOOKMARK [0][]{chapter*.6}{\376\377\000L\000i\000s\000t\000\040\000o\000f\000\040\000f\000i\000g\000u\000r\000e\000s}{}% 2
\BOOKMARK [0][]{chapter*.7}{\376\377\000L\000i\000s\000t\000\040\000o\000f\000\040\000t\000a\000b\000l\000e\000s}{}% 3
\BOOKMARK [0][]{chapter.1}{\376\377\0001\000\040\000I\000n\000t\000r\000o\000d\000u\000c\000t\000i\000o\000n}{}% 4
\BOOKMARK [1][]{section.1.1}{\376\377\0001\000.\0001\000\040\000M\000a\000p\000p\000i\000n\000g\000\040\000b\000r\000a\000i\000n\000s\000\040\000-\000\040\000T\000h\000e\000\040\000P\000o\000w\000e\000r\000\040\000o\000f\000\040\000C\000o\000n\000n\000e\000c\000t\000o\000m\000i\000c\000s}{chapter.1}% 5
\BOOKMARK [1][]{section.1.2}{\376\377\0001\000.\0002\000\040\000T\000h\000e\000\040\000a\000d\000v\000a\000n\000t\000a\000g\000e\000\040\000o\000f\000\040\000t\000h\000e\000\040\000D\000r\000o\000s\000o\000p\000h\000i\000l\000a\000\040\000l\000a\000r\000v\000a\000\040\000b\000r\000a\000i\000n}{chapter.1}% 6
\BOOKMARK [1][]{section.1.3}{\376\377\0001\000.\0003\000\040\000N\000a\000v\000i\000g\000a\000t\000i\000o\000n\000:\000\040\000F\000u\000n\000d\000a\000m\000e\000n\000t\000a\000l\000\040\000A\000c\000r\000o\000s\000s\000\040\000S\000p\000e\000c\000i\000e\000s}{chapter.1}% 7
\BOOKMARK [1][]{section.1.4}{\376\377\0001\000.\0004\000\040\000T\000h\000e\000\040\000C\000e\000n\000t\000r\000a\000l\000\040\000C\000o\000m\000p\000l\000e\000x}{chapter.1}% 8
\BOOKMARK [2][]{subsection.1.4.1}{\376\377\0001\000.\0004\000.\0001\000\040\000C\000e\000n\000t\000r\000a\000l\000\040\000C\000o\000m\000p\000l\000e\000x\000\040\000a\000c\000r\000o\000s\000s\000\040\000i\000n\000s\000e\000c\000t\000s}{section.1.4}% 9
\BOOKMARK [2][]{subsection.1.4.2}{\376\377\0001\000.\0004\000.\0002\000\040\000C\000e\000n\000t\000r\000a\000l\000\040\000C\000o\000m\000p\000l\000e\000x\000\040\000o\000f\000\040\000A\000d\000u\000l\000t\000\040\000D\000r\000o\000s\000o\000p\000h\000i\000l\000a}{section.1.4}% 10
\BOOKMARK [3][]{section*.11}{\376\377\000P\000r\000o\000t\000o\000c\000e\000r\000e\000b\000r\000a\000l\000\040\000B\000r\000i\000d\000g\000e\000\040\000\050\000P\000B\000\051}{subsection.1.4.2}% 11
\BOOKMARK [3][]{section*.12}{\376\377\000E\000l\000l\000i\000p\000s\000o\000i\000d\000\040\000B\000o\000d\000y\000\040\000\050\000E\000B\000\051}{subsection.1.4.2}% 12
\BOOKMARK [3][]{section*.13}{\376\377\000F\000a\000n\000-\000S\000h\000a\000p\000e\000d\000\040\000B\000o\000d\000y\000\040\000\050\000F\000B\000\051}{subsection.1.4.2}% 13
\BOOKMARK [3][]{section*.14}{\376\377\000N\000o\000d\000u\000l\000i\000\040\000\050\000N\000O\000\051}{subsection.1.4.2}% 14
\BOOKMARK [3][]{section*.15}{\376\377\000N\000e\000u\000r\000o\000m\000o\000d\000u\000l\000a\000t\000o\000r\000y\000\040\000n\000e\000u\000r\000o\000n\000s\000\040\000i\000n\000\040\000t\000h\000e\000\040\000C\000X}{subsection.1.4.2}% 15
\BOOKMARK [3][]{section*.16}{\376\377\000M\000u\000s\000h\000r\000o\000o\000m\000\040\000B\000o\000d\000y\000\040\000a\000n\000d\000\040\000t\000h\000e\000\040\000C\000X}{subsection.1.4.2}% 16
\BOOKMARK [1][]{section.1.5}{\376\377\0001\000.\0005\000\040\000L\000a\000r\000v\000a\000l\000\040\000C\000e\000n\000t\000r\000a\000l\000\040\000C\000o\000m\000p\000l\000e\000x\000\040\000a\000s\000\040\000a\000\040\000r\000e\000s\000e\000a\000r\000c\000h\000\040\000o\000p\000p\000o\000r\000t\000u\000n\000i\000t\000y}{chapter.1}% 17
\BOOKMARK [0][]{chapter.2}{\376\377\0002\000\040\000M\000e\000t\000h\000o\000d\000s}{}% 18
\BOOKMARK [1][]{section.2.1}{\376\377\0002\000.\0001\000\040\000R\000e\000c\000o\000n\000s\000t\000r\000u\000c\000t\000i\000n\000g\000\040\000n\000e\000u\000r\000o\000n\000s\000\040\000i\000n\000\040\000E\000l\000e\000c\000t\000r\000o\000n\000\040\000M\000i\000c\000r\000o\000s\000c\000o\000p\000y\000\040\000V\000o\000l\000u\000m\000e\000s}{chapter.2}% 19
\BOOKMARK [2][]{subsection.2.1.1}{\376\377\0002\000.\0001\000.\0001\000\040\000C\000o\000n\000n\000e\000c\000t\000o\000m\000e\000\040\000d\000a\000t\000a}{section.2.1}% 20
\BOOKMARK [2][]{subsection.2.1.2}{\376\377\0002\000.\0001\000.\0002\000\040\000N\000e\000u\000r\000o\000n\000s\000\040\000S\000e\000g\000m\000e\000n\000t\000a\000t\000i\000o\000n}{section.2.1}% 21
\BOOKMARK [2][]{subsection.2.1.3}{\376\377\0002\000.\0001\000.\0003\000\040\000D\000a\000t\000a\000\040\000A\000n\000a\000l\000y\000s\000i\000s}{section.2.1}% 22
\BOOKMARK [1][]{section.2.2}{\376\377\0002\000.\0002\000\040\000I\000d\000e\000n\000t\000i\000f\000i\000c\000a\000t\000i\000o\000n\000\040\000o\000f\000\040\000C\000e\000n\000t\000r\000a\000l\000\040\000C\000o\000m\000p\000l\000e\000x\000\040\000N\000e\000u\000r\000o\000p\000i\000l\000s}{chapter.2}% 23
\BOOKMARK [1][]{section.2.3}{\376\377\0002\000.\0003\000\040\000I\000d\000e\000n\000t\000i\000f\000y\000i\000n\000g\000\040\000n\000o\000n\000-\000M\000u\000s\000h\000r\000o\000o\000m\000\040\000B\000o\000d\000y\000\040\000D\000o\000p\000a\000m\000i\000n\000e\000r\000g\000i\000c\000\040\000N\000e\000u\000r\000o\000n\000s}{chapter.2}% 24
\BOOKMARK [2][]{subsection.2.3.1}{\376\377\0002\000.\0003\000.\0001\000\040\000M\000u\000l\000t\000i\000c\000o\000l\000o\000r\000\040\000S\000t\000o\000c\000h\000a\000s\000t\000i\000c\000\040\000L\000a\000b\000e\000l\000l\000i\000n\000g\000\040\000v\000i\000a\000\040\000F\000L\000P\000-\000o\000u\000t}{section.2.3}% 25
\BOOKMARK [2][]{subsection.2.3.2}{\376\377\0002\000.\0003\000.\0002\000\040\000F\000l\000y\000\040\000S\000t\000r\000a\000i\000n\000s}{section.2.3}% 26
\BOOKMARK [2][]{subsection.2.3.3}{\376\377\0002\000.\0003\000.\0003\000\040\000I\000m\000m\000u\000n\000o\000h\000i\000s\000t\000o\000c\000h\000e\000m\000i\000s\000t\000r\000y}{section.2.3}% 27
\BOOKMARK [2][]{subsection.2.3.4}{\376\377\0002\000.\0003\000.\0004\000\040\000I\000m\000a\000g\000i\000n\000g}{section.2.3}% 28
\BOOKMARK [2][]{subsection.2.3.5}{\376\377\0002\000.\0003\000.\0005\000\040\000M\000a\000t\000c\000h\000i\000n\000g\000\040\000L\000M\000\040\000i\000m\000a\000g\000e\000s\000\040\000w\000i\000t\000h\000\040\000S\000e\000y\000m\000o\000u\000r\000\040\000D\000a\000t\000a}{section.2.3}% 29
\BOOKMARK [1][]{section.2.4}{\376\377\0002\000.\0004\000\040\000L\000o\000s\000s\000-\000o\000f\000-\000F\000u\000n\000c\000t\000i\000o\000n\000\040\000B\000e\000h\000a\000v\000i\000o\000u\000r\000a\000l\000\040\000A\000s\000s\000a\000y\000s}{chapter.2}% 30
\BOOKMARK [2][]{subsection.2.4.1}{\376\377\0002\000.\0004\000.\0001\000\040\000F\000l\000y\000\040\000s\000t\000r\000a\000i\000n\000s}{section.2.4}% 31
\BOOKMARK [2][]{subsection.2.4.2}{\376\377\0002\000.\0004\000.\0002\000\040\000B\000e\000h\000a\000v\000i\000o\000u\000r\000a\000l\000\040\000E\000x\000p\000e\000r\000i\000m\000e\000n\000t\000s}{section.2.4}% 32
\BOOKMARK [2][]{subsection.2.4.3}{\376\377\0002\000.\0004\000.\0003\000\040\000B\000e\000h\000a\000v\000i\000o\000u\000r\000a\000l\000\040\000Q\000u\000a\000n\000t\000i\000f\000i\000c\000a\000t\000i\000o\000n}{section.2.4}% 33
\BOOKMARK [2][]{subsection.2.4.4}{\376\377\0002\000.\0004\000.\0004\000\040\000B\000e\000h\000a\000v\000i\000o\000u\000r\000a\000l\000\040\000D\000a\000t\000a\000\040\000A\000n\000a\000l\000y\000s\000i\000s}{section.2.4}% 34
\BOOKMARK [1][]{section.2.5}{\376\377\0002\000.\0005\000\040\000C\000a\0002\000+\000I\000m\000a\000g\000i\000n\000g\000\040\000w\000i\000t\000h\000\040\000L\000i\000g\000h\000t\000\040\000S\000h\000e\000e\000t\000\040\000M\000i\000c\000r\000o\000s\000c\000o\000p\000y}{chapter.2}% 35
\BOOKMARK [2][]{subsection.2.5.1}{\376\377\0002\000.\0005\000.\0001\000\040\000F\000l\000y\000\040\000l\000i\000n\000e\000s}{section.2.5}% 36
\BOOKMARK [2][]{subsection.2.5.2}{\376\377\0002\000.\0005\000.\0002\000\040\000S\000a\000m\000p\000l\000e\000\040\000P\000r\000e\000p\000a\000r\000a\000t\000i\000o\000n}{section.2.5}% 37
\BOOKMARK [2][]{subsection.2.5.3}{\376\377\0002\000.\0005\000.\0003\000\040\000L\000S\000M\000\040\000a\000n\000d\000\040\000F\000u\000n\000c\000t\000i\000o\000n\000a\000l\000\040\000I\000m\000a\000g\000i\000n\000g}{section.2.5}% 38
\BOOKMARK [2][]{subsection.2.5.4}{\376\377\0002\000.\0005\000.\0004\000\040\000D\000a\000t\000a\000\040\000A\000n\000a\000l\000y\000s\000i\000s}{section.2.5}% 39
\BOOKMARK [1][]{section.2.6}{\376\377\0002\000.\0006\000\040\000n\000o\000m\000e\000n\000c\000l\000a\000t\000u\000r\000e}{chapter.2}% 40
\BOOKMARK [0][]{chapter.3}{\376\377\0003\000\040\000R\000e\000s\000u\000l\000t\000s}{}% 41
\BOOKMARK [1][]{section.3.1}{\376\377\0003\000.\0001\000\040\000S\000t\000r\000a\000t\000e\000g\000y\000\040\000f\000o\000r\000\040\000i\000d\000e\000n\000t\000i\000f\000y\000i\000n\000g\000\040\000C\000X\000\040\000n\000e\000u\000r\000o\000p\000i\000l\000s\000\040\000i\000n\000\040\000t\000h\000e\000\040\000l\000a\000r\000v\000a\000l\000\040\000b\000r\000a\000i\000n}{chapter.3}% 42
\BOOKMARK [2][]{subsection.3.1.1}{\376\377\0003\000.\0001\000.\0001\000\040\000I\000d\000e\000n\000t\000i\000f\000y\000i\000n\000g\000\040\000l\000a\000r\000v\000a\000\040\000C\000X\000\040\000n\000e\000u\000r\000o\000n\000a\000l\000\040\000l\000i\000n\000e\000a\000g\000e\000s\000\040}{section.3.1}% 43
\BOOKMARK [2][]{subsection.3.1.2}{\376\377\0003\000.\0001\000.\0002\000\040\000C\000o\000n\000n\000e\000c\000t\000i\000v\000i\000t\000y\000\040\000o\000f\000\040\000C\000X\000\040\000n\000e\000u\000r\000o\000n\000s}{section.3.1}% 44
\BOOKMARK [3][]{section*.20}{\376\377\000S\000e\000n\000s\000o\000r\000y\000\040\000I\000n\000p\000u\000s}{subsection.3.1.2}% 45
\BOOKMARK [3][]{section*.21}{\376\377\000C\000o\000n\000n\000e\000c\000t\000i\000v\000i\000t\000y\000\040\000b\000e\000t\000w\000e\000e\000n\000\040\000C\000X\000\040\000N\000e\000u\000r\000o\000p\000i\000l\000s\000\040\000a\000n\000d\000\040\000A\000c\000c\000e\000s\000s\000o\000r\000y\000\040\000S\000t\000r\000u\000c\000t\000u\000r\000e\000s}{subsection.3.1.2}% 46
\BOOKMARK [1][]{section.3.2}{\376\377\0003\000.\0002\000\040\000T\000h\000e\000\040\000C\000e\000n\000t\000r\000a\000l\000\040\000C\000o\000m\000p\000l\000e\000x\000\040\000o\000f\000\040\000D\000r\000o\000s\000o\000p\000h\000i\000l\000a\000\040\000L\000a\000r\000v\000a}{chapter.3}% 47
\BOOKMARK [2][]{subsection.3.2.1}{\376\377\0003\000.\0002\000.\0001\000\040\000P\000r\000o\000t\000o\000c\000e\000r\000e\000b\000r\000a\000l\000\040\000B\000r\000i\000d\000g\000e}{section.3.2}% 48
\BOOKMARK [3][]{section*.27}{\376\377\000L\000a\000r\000v\000a\000l\000\040\000P\000B\000\040\000H\000o\000r\000i\000z\000o\000n\000t\000a\000l\000\040\000f\000i\000b\000e\000r\000s}{subsection.3.2.1}% 49
\BOOKMARK [3][]{section*.29}{\376\377\000L\000a\000r\000v\000a\000l\000\040\000P\000B\000\040\000C\000o\000l\000u\000m\000n\000a\000r\000\040\000n\000e\000u\000r\000o\000n\000s}{subsection.3.2.1}% 50
\BOOKMARK [3][]{section*.31}{\376\377\000P\000B\000\040\000H\000o\000r\000i\000z\000o\000n\000a\000l\000\040\000a\000n\000d\000\040\000P\000B\000\040\000C\000o\000l\000u\000m\000n\000a\000r\000\040\000c\000o\000n\000n\000e\000c\000t\000i\000v\000i\000t\000y}{subsection.3.2.1}% 51
\BOOKMARK [2][]{subsection.3.2.2}{\376\377\0003\000.\0002\000.\0002\000\040\000E\000l\000l\000i\000p\000s\000o\000i\000d\000\040\000B\000o\000d\000y}{section.3.2}% 52
\BOOKMARK [3][]{section*.33}{\376\377\000L\000a\000r\000v\000a\000l\000\040\000E\000B\000\040\000W\000e\000d\000g\000e\000\040\000n\000e\000u\000r\000o\000n\000s}{subsection.3.2.2}% 53
\BOOKMARK [3][]{section*.35}{\376\377\000L\000a\000r\000v\000a\000l\000\040\000E\000B\000\040\000R\000i\000n\000g\000\040\000n\000e\000u\000r\000o\000n\000s}{subsection.3.2.2}% 54
\BOOKMARK [3][]{section*.37}{\376\377\000E\000B\000\040\000R\000i\000n\000g\000\040\000N\000e\000u\000r\000o\000n\000s\000\040\000a\000n\000d\000\040\000E\000B\000\040\000W\000e\000d\000g\000e\000\040\000N\000e\000u\000r\000o\000n\000s\000\040\000c\000o\000n\000n\000e\000c\000t\000i\000v\000i\000t\000y}{subsection.3.2.2}% 55
\BOOKMARK [2][]{subsection.3.2.3}{\376\377\0003\000.\0002\000.\0003\000\040\000F\000a\000n\000-\000S\000h\000a\000p\000e\000d\000\040\000B\000o\000d\000y}{section.3.2}% 56
\BOOKMARK [3][]{section*.38}{\376\377\000L\000a\000r\000v\000a\000l\000\040\000F\000B\000\040\000T\000a\000n\000g\000e\000n\000t\000i\000a\000l\000\040\000c\000e\000l\000l\000s}{subsection.3.2.3}% 57
\BOOKMARK [3][]{section*.40}{\376\377\000L\000a\000r\000v\000a\000l\000\040\000F\000B\000\040\000C\000o\000l\000u\000m\000n\000a\000r\000\040\000N\000e\000u\000r\000o\000n\000s}{subsection.3.2.3}% 58
\BOOKMARK [3][]{section*.42}{\376\377\000C\000o\000n\000e\000c\000t\000i\000v\000i\000t\000y\000\040\000b\000e\000t\000w\000e\000e\000n\000\040\000F\000B\000\040\000T\000a\000n\000g\000e\000n\000t\000i\000a\000l\000\040\000a\000n\000d\000\040\000F\000B\000\040\000C\000o\000l\000u\000m\000n\000a\000r}{subsection.3.2.3}% 59
\BOOKMARK [3][]{section*.44}{\376\377\000L\000a\000r\000v\000a\000l\000\040\000F\000B\000\040\000i\000n\000t\000r\000i\000n\000s\000i\000c\000\040\000n\000e\000u\000r\000o\000n\000s}{subsection.3.2.3}% 60
\BOOKMARK [2][]{subsection.3.2.4}{\376\377\0003\000.\0002\000.\0004\000\040\000N\000o\000d\000u\000l\000i}{section.3.2}% 61
\BOOKMARK [1][]{section.3.3}{\376\377\0003\000.\0003\000\040\000M\000u\000s\000h\000r\000o\000o\000m\000\040\000B\000o\000d\000y\000\040\000a\000n\000d\000\040\000t\000h\000e\000\040\000l\000a\000r\000v\000a\000l\000\040\000C\000X}{chapter.3}% 62
\BOOKMARK [2][]{subsection.3.3.1}{\376\377\0003\000.\0003\000.\0001\000\040\000A\000\040\000l\000o\000o\000p\000\040\000b\000e\000t\000w\000e\000e\000n\000\040\000F\000B\000\040\000a\000n\000d\000\040\000t\000h\000e\000\040\000'\000c\000'\000\040\000c\000o\000m\000p\000a\000r\000t\000m\000e\000n\000t\000\040\000o\000f\000\040\000t\000h\000e\000\040\000M\000B}{section.3.3}% 63
\BOOKMARK [2][]{subsection.3.3.2}{\376\377\0003\000.\0003\000.\0002\000\040\000R\000e\000c\000i\000p\000r\000o\000c\000a\000l\000\040\000c\000o\000n\000n\000e\000c\000t\000i\000v\000i\000t\000y\000\040\000b\000e\000t\000w\000e\000e\000n\000\040\000E\000B\000\040\000R\000N\000s\000\040\000a\000n\000d\000\040\000t\000h\000e\000\040\000'\000g\000'\000\040\000c\000o\000m\000p\000a\000r\000t\000m\000e\000n\000t\000\040\000o\000f\000\040\000t\000h\000e\000\040\000M\000B}{section.3.3}% 64
\BOOKMARK [2][]{subsection.3.3.3}{\376\377\0003\000.\0003\000.\0003\000\040\000A\000\040\000l\000o\000o\000p\000\040\000b\000e\000t\000w\000e\000e\000n\000\040\000t\000h\000e\000\040\000N\000O\000\040\000a\000n\000d\000\040\000t\000h\000e\000\040\000M\000B\000\040\000v\000e\000r\000t\000i\000c\000a\000l\000\040\000l\000o\000b\000e\000\040\000v\000i\000a\000\040\000L\000A\000L}{section.3.3}% 65
\BOOKMARK [2][]{subsection.3.3.4}{\376\377\0003\000.\0003\000.\0004\000\040\000T\000h\000e\000\040\000M\000B\000\040\000m\000o\000d\000u\000l\000a\000t\000e\000s\000\040\000i\000n\000p\000u\000t\000s\000\040\000t\000o\000\040\000t\000h\000e\000\040\000P\000B}{section.3.3}% 66
\BOOKMARK [1][]{section.3.4}{\376\377\0003\000.\0004\000\040\000V\000i\000s\000u\000a\000l\000\040\000I\000n\000p\000u\000t\000\040\000i\000n\000t\000o\000\040\000t\000h\000e\000\040\000l\000a\000r\000v\000a\000l\000\040\000C\000X}{chapter.3}% 67
\BOOKMARK [1][]{section.3.5}{\376\377\0003\000.\0005\000\040\000D\000e\000s\000c\000e\000n\000d\000i\000n\000g\000\040\000N\000e\000u\000r\000o\000n\000s\000\040\000f\000r\000o\000m\000\040\000C\000X}{chapter.3}% 68
\BOOKMARK [1][]{section.3.6}{\376\377\0003\000.\0006\000\040\000D\000o\000p\000a\000m\000i\000n\000e\000r\000g\000i\000c\000\040\000n\000e\000u\000r\000o\000n\000s\000\040\000\050\000D\000A\000N\000s\000\051\000\040\000o\000f\000\040\000t\000h\000e\000\040\000l\000a\000r\000v\000a\000l\000\040\000c\000e\000n\000t\000r\000a\000l\000\040\000c\000o\000m\000p\000l\000e\000x}{chapter.3}% 69
\BOOKMARK [1][]{section.3.7}{\376\377\0003\000.\0007\000\040\000B\000e\000h\000a\000v\000i\000o\000r\000a\000l\000\040\000A\000s\000s\000a\000y\000s\000\040\000-\000\040\000L\000o\000s\000s\000\040\000o\000f\000\040\000F\000u\000n\000c\000t\000i\000o\000n\000\040\000A\000n\000a\000l\000y\000s\000i\000s\000\040\000d\000u\000r\000i\000n\000g\000\040\000g\000r\000e\000e\000n\000\040\000L\000i\000g\000h\000t\000\040\000s\000t\000i\000m\000u\000l\000a\000t\000i\000o\000n}{chapter.3}% 70
\BOOKMARK [1][]{section.3.8}{\376\377\0003\000.\0008\000\040\000C\000a\000l\000c\000i\000u\000m\000\040\000A\000c\000t\000i\000v\000i\000t\000y\000\040\000i\000n\000\040\000r\000e\000s\000p\000o\000n\000s\000e\000\040\000t\000o\000\040\000B\000l\000u\000e\000\040\000L\000i\000g\000h\000t\000\040\000s\000t\000i\000m\000u\000l\000a\000t\000i\000o\000n}{chapter.3}% 71
\BOOKMARK [0][]{chapter.4}{\376\377\0004\000\040\000D\000i\000s\000c\000u\000s\000s\000i\000o\000n}{}% 72
\BOOKMARK [1][]{section.4.1}{\376\377\0004\000.\0001\000\040\000M\000u\000l\000t\000i\000s\000e\000n\000s\000o\000r\000y\000\040\000i\000n\000t\000e\000g\000r\000a\000t\000i\000o\000n}{chapter.4}% 73
\BOOKMARK [1][]{section.4.2}{\376\377\0004\000.\0002\000\040}{chapter.4}% 74
\BOOKMARK [2][]{subsection.4.2.1}{\376\377\0004\000.\0002\000.\0001\000\040\000N\000a\000v\000i\000g\000a\000t\000i\000o\000n\000,\000\040\000p\000l\000a\000c\000e\000\040\000l\000e\000a\000r\000n\000i\000n\000g\000,\000\040\000a\000n\000d\000\040\000m\000e\000m\000o\000r\000y}{section.4.2}% 75
\BOOKMARK [2][]{subsection.4.2.2}{\376\377\0004\000.\0002\000.\0002\000\040\000D\000A\000N\000s\000\040\000i\000n\000\040\000t\000h\000e\000\040\000F\000B\000\040\000a\000n\000d\000\040\000P\000B}{section.4.2}% 76
\BOOKMARK [2][]{subsection.4.2.3}{\376\377\0004\000.\0002\000.\0003\000\040\000C\000o\000n\000c\000l\000u\000s\000i\000o\000n}{section.4.2}% 77
